# JRE version: OpenJDK Runtime Environment (11.0.12+7) (build 11.0.12+7-b1504.28-7817840)
# Java VM: OpenJDK 64-Bit Server VM (11.0.12+7-b1504.28-7817840, mixed mode, tiered, compressed oops, g1 gc, windows-amd64)
Heap:
 garbage-first heap   total 189440K, used 51998K [0x0000000080000000, 0x0000000100000000)
  region size 1024K, 1 young (1024K), 1 survivors (1024K)
 Metaspace       used 58456K, capacity 59873K, committed 59948K, reserved 1101824K
  class space    used 7452K, capacity 8035K, committed 8064K, reserved 1048576K
GC Heap History (20 events):
Event: 1.934 GC heap before
{Heap before GC invocations=1 (full 0):
 garbage-first heap   total 131072K, used 28644K [0x0000000080000000, 0x0000000100000000)
  region size 1024K, 22 young (22528K), 3 survivors (3072K)
 Metaspace       used 11185K, capacity 11382K, committed 11520K, reserved 1058816K
  class space    used 1173K, capacity 1246K, committed 1280K, reserved 1048576K
}
Event: 1.939 GC heap after
{Heap after GC invocations=2 (full 0):
 garbage-first heap   total 131072K, used 9937K [0x0000000080000000, 0x0000000100000000)
  region size 1024K, 1 young (1024K), 1 survivors (1024K)
 Metaspace       used 11185K, capacity 11382K, committed 11520K, reserved 1058816K
  class space    used 1173K, capacity 1246K, committed 1280K, reserved 1048576K
}
Event: 3.528 GC heap before
{Heap before GC invocations=2 (full 0):
 garbage-first heap   total 131072K, used 54993K [0x0000000080000000, 0x0000000100000000)
  region size 1024K, 45 young (46080K), 1 survivors (1024K)
 Metaspace       used 16507K, capacity 16878K, committed 16896K, reserved 1064960K
  class space    used 1903K, capacity 2036K, committed 2048K, reserved 1048576K
}
Event: 3.533 GC heap after
{Heap after GC invocations=3 (full 0):
 garbage-first heap   total 131072K, used 15683K [0x0000000080000000, 0x0000000100000000)
  region size 1024K, 6 young (6144K), 6 survivors (6144K)
 Metaspace       used 16507K, capacity 16878K, committed 16896K, reserved 1064960K
  class space    used 1903K, capacity 2036K, committed 2048K, reserved 1048576K
}
Event: 5.007 GC heap before
{Heap before GC invocations=3 (full 0):
 garbage-first heap   total 131072K, used 53571K [0x0000000080000000, 0x0000000100000000)
  region size 1024K, 44 young (45056K), 6 survivors (6144K)
 Metaspace       used 20758K, capacity 21140K, committed 21248K, reserved 1067008K
  class space    used 2554K, capacity 2713K, committed 2816K, reserved 1048576K
}
Event: 5.016 GC heap after
{Heap after GC invocations=4 (full 0):
 garbage-first heap   total 131072K, used 17180K [0x0000000080000000, 0x0000000100000000)
  region size 1024K, 2 young (2048K), 2 survivors (2048K)
 Metaspace       used 20758K, capacity 21140K, committed 21248K, reserved 1067008K
  class space    used 2554K, capacity 2713K, committed 2816K, reserved 1048576K
}
Event: 6.901 GC heap before
{Heap before GC invocations=5 (full 0):
 garbage-first heap   total 131072K, used 68380K [0x0000000080000000, 0x0000000100000000)
  region size 1024K, 52 young (53248K), 2 survivors (2048K)
 Metaspace       used 26151K, capacity 26689K, committed 27008K, reserved 1073152K
  class space    used 3394K, capacity 3589K, committed 3712K, reserved 1048576K
}
Event: 6.914 GC heap after
{Heap after GC invocations=6 (full 0):
 garbage-first heap   total 131072K, used 18992K [0x0000000080000000, 0x0000000100000000)
  region size 1024K, 4 young (4096K), 4 survivors (4096K)
 Metaspace       used 26151K, capacity 26689K, committed 27008K, reserved 1073152K
  class space    used 3394K, capacity 3589K, committed 3712K, reserved 1048576K
}
Event: 8.034 GC heap before
{Heap before GC invocations=6 (full 0):
 garbage-first heap   total 131072K, used 76336K [0x0000000080000000, 0x0000000100000000)
  region size 1024K, 60 young (61440K), 4 survivors (4096K)
 Metaspace       used 32196K, capacity 32980K, committed 33024K, reserved 1077248K
  class space    used 4300K, capacity 4608K, committed 4608K, reserved 1048576K
}
Event: 8.052 GC heap after
{Heap after GC invocations=7 (full 0):
 garbage-first heap   total 131072K, used 21498K [0x0000000080000000, 0x0000000100000000)
  region size 1024K, 6 young (6144K), 6 survivors (6144K)
 Metaspace       used 32196K, capacity 32980K, committed 33024K, reserved 1077248K
  class space    used 4300K, capacity 4608K, committed 4608K, reserved 1048576K
}
Event: 8.229 GC heap before
{Heap before GC invocations=7 (full 0):
 garbage-first heap   total 131072K, used 25594K [0x0000000080000000, 0x0000000100000000)
  region size 1024K, 11 young (11264K), 6 survivors (6144K)
 Metaspace       used 34939K, capacity 35782K, committed 35840K, reserved 1081344K
  class space    used 4534K, capacity 4839K, committed 4864K, reserved 1048576K
}
Event: 8.249 GC heap after
{Heap after GC invocations=8 (full 0):
 garbage-first heap   total 131072K, used 22631K [0x0000000080000000, 0x0000000100000000)
  region size 1024K, 6 young (6144K), 6 survivors (6144K)
 Metaspace       used 34939K, capacity 35782K, committed 35840K, reserved 1081344K
  class space    used 4534K, capacity 4839K, committed 4864K, reserved 1048576K
}
Event: 9.955 GC heap before
{Heap before GC invocations=9 (full 0):
 garbage-first heap   total 131072K, used 78951K [0x0000000080000000, 0x0000000100000000)
  region size 1024K, 59 young (60416K), 6 survivors (6144K)
 Metaspace       used 39327K, capacity 40210K, committed 40448K, reserved 1085440K
  class space    used 5024K, capacity 5353K, committed 5376K, reserved 1048576K
}
Event: 9.981 GC heap after
{Heap after GC invocations=10 (full 0):
 garbage-first heap   total 157696K, used 27116K [0x0000000080000000, 0x0000000100000000)
  region size 1024K, 8 young (8192K), 8 survivors (8192K)
 Metaspace       used 39327K, capacity 40210K, committed 40448K, reserved 1085440K
  class space    used 5024K, capacity 5353K, committed 5376K, reserved 1048576K
}
Event: 12.321 GC heap before
{Heap before GC invocations=10 (full 0):
 garbage-first heap   total 157696K, used 96748K [0x0000000080000000, 0x0000000100000000)
  region size 1024K, 75 young (76800K), 8 survivors (8192K)
 Metaspace       used 45288K, capacity 46337K, committed 46464K, reserved 1089536K
  class space    used 5832K, capacity 6234K, committed 6272K, reserved 1048576K
}
Event: 12.346 GC heap after
{Heap after GC invocations=11 (full 0):
 garbage-first heap   total 157696K, used 29531K [0x0000000080000000, 0x0000000100000000)
  region size 1024K, 8 young (8192K), 8 survivors (8192K)
 Metaspace       used 45288K, capacity 46337K, committed 46464K, reserved 1089536K
  class space    used 5832K, capacity 6234K, committed 6272K, reserved 1048576K
}
Event: 15.360 GC heap before
{Heap before GC invocations=11 (full 0):
 garbage-first heap   total 157696K, used 109403K [0x0000000080000000, 0x0000000100000000)
  region size 1024K, 81 young (82944K), 8 survivors (8192K)
 Metaspace       used 48490K, capacity 49665K, committed 49920K, reserved 1093632K
  class space    used 6206K, capacity 6633K, committed 6656K, reserved 1048576K
}
Event: 15.383 GC heap after
{Heap after GC invocations=12 (full 0):
 garbage-first heap   total 157696K, used 43843K [0x0000000080000000, 0x0000000100000000)
  region size 1024K, 11 young (11264K), 11 survivors (11264K)
 Metaspace       used 48490K, capacity 49665K, committed 49920K, reserved 1093632K
  class space    used 6206K, capacity 6633K, committed 6656K, reserved 1048576K
}
Event: 16.950 GC heap before
{Heap before GC invocations=12 (full 0):
 garbage-first heap   total 157696K, used 113475K [0x0000000080000000, 0x0000000100000000)
  region size 1024K, 77 young (78848K), 11 survivors (11264K)
 Metaspace       used 56989K, capacity 58285K, committed 58496K, reserved 1099776K
  class space    used 7246K, capacity 7743K, committed 7808K, reserved 1048576K
}
Event: 16.968 GC heap after
{Heap after GC invocations=13 (full 0):
 garbage-first heap   total 157696K, used 50924K [0x0000000080000000, 0x0000000100000000)
  region size 1024K, 6 young (6144K), 6 survivors (6144K)
 Metaspace       used 56989K, capacity 58285K, committed 58496K, reserved 1099776K
  class space    used 7246K, capacity 7743K, committed 7808K, reserved 1048576K
}

